<?xml version="1.0" encoding="UTF-8"?>
<!-- Generated by org.testng.reporters.JUnitReportReporter -->
<testsuite hostname="DESKTOP-NAE164R" failures="0" tests="1" name="basic.OrganizationsTest" time="59.952" errors="0" timestamp="15 Mar 2024 07:23:20 GMT" skipped="0">
  <testcase classname="basic.OrganizationsTest" name="CreateOrganizationsTest" time="59.952"/>
</testsuite> <!-- basic.OrganizationsTest -->
